<?xml version="1.0" encoding="UTF-8"?>
<!-- Generated by org.testng.reporters.JUnitReportReporter -->
<testsuite hostname="LAPTOP-P8G0UT57" failures="0" tests="1" name="excelfile.ReadData" time="0.747" errors="0" timestamp="2021-06-21T14:39:37 IST" skipped="0">
  <testcase classname="excelfile.ReadData" name="readdata" time="0.747"/>
  <system-out/>
</testsuite> <!-- excelfile.ReadData -->
